Created by PLY version 3.11 (http://www.dabeaz.com/ply)

Grammar

Rule 0     S' -> object_declaration
Rule 1     object_declaration -> ID EQUALS CLASS LPAREN RPAREN

Terminals, with rules where they appear

CLASS                : 1
EQUALS               : 1
ID                   : 1
LPAREN               : 1
RPAREN               : 1
error                : 

Nonterminals, with rules where they appear

object_declaration   : 0

Parsing method: LALR

state 0

    (0) S' -> . object_declaration
    (1) object_declaration -> . ID EQUALS CLASS LPAREN RPAREN

    ID              shift and go to state 2

    object_declaration             shift and go to state 1

state 1

    (0) S' -> object_declaration .



state 2

    (1) object_declaration -> ID . EQUALS CLASS LPAREN RPAREN

    EQUALS          shift and go to state 3


state 3

    (1) object_declaration -> ID EQUALS . CLASS LPAREN RPAREN

    CLASS           shift and go to state 4


state 4

    (1) object_declaration -> ID EQUALS CLASS . LPAREN RPAREN

    LPAREN          shift and go to state 5


state 5

    (1) object_declaration -> ID EQUALS CLASS LPAREN . RPAREN

    RPAREN          shift and go to state 6


state 6

    (1) object_declaration -> ID EQUALS CLASS LPAREN RPAREN .

    $end            reduce using rule 1 (object_declaration -> ID EQUALS CLASS LPAREN RPAREN .)

